<?xml version="1.0" encoding="UTF-8"?>
<testsuites name="TS_Mobile" time="67.864" tests="1" failures="0" errors="0">
   <testsuite name="TS_Mobile" tests="1" failures="0" errors="0" time="67.864" skipped="0" timestamp="19-04-2024T10:27:20" hostname="1556 - LAPTOP-PT885S91" id="Test Suites/TS_Mobile">
      <properties>
         <property name="deviceName" value="emulator-5554 (sdk_gphone64_x86_64 - Android 13)"/>
         <property name="devicePlatform" value=""/>
         <property name="logFolder" value="C:\\Users\\1556\\git\\website_mobile_api\\Reports\\20240419_102711\\TS_Mobile\\20240419_102711"/>
         <property name="logFiles" value="C:\\Users\\1556\\git\\website_mobile_api\\Reports\\20240419_102711\\TS_Mobile\\20240419_102711\\appium.log, C:\\Users\\1556\\git\\website_mobile_api\\Reports\\20240419_102711\\TS_Mobile\\20240419_102711\\appium_error.log, C:\\Users\\1556\\git\\website_mobile_api\\Reports\\20240419_102711\\TS_Mobile\\20240419_102711\\execution0.log"/>
         <property name="attachments" value="keyes\keyes-.png, keyes\keyes-.png"/>
         <property name="hostName" value="1556 - LAPTOP-PT885S91"/>
         <property name="os" value="Windows 11 64bit"/>
         <property name="appiumServerStatus" value="{&quot;value&quot;:{&quot;ready&quot;:true,&quot;message&quot;:&quot;The server is ready to accept new connections&quot;,&quot;build&quot;:{&quot;version&quot;:&quot;2.5.1&quot;}}}"/>
         <property name="katalonVersion" value="9.3.2.212"/>
         <property name="deviceOS" value="Android"/>
         <property name="appiumVersion" value="2.5.1"/>
         <property name="deviceModel" value="sdk_gphone64_x86_64"/>
         <property name="hostAddress" value="192.168.10.35"/>
         <property name="deviceManufacturer" value="Google"/>
         <property name="deviceId" value="emulator-5554"/>
         <property name="deviceName" value="emulator-5554 (sdk_gphone64_x86_64 - Android 13)"/>
         <property name="deviceOSVersion" value="13"/>
      </properties>
      <testcase name="Test Cases/Mobile/Verify_UnsuccesfulLogin" time="67.628" classname="Test Cases/Mobile/Verify_UnsuccesfulLogin" status="PASSED">
         <system-out><![CDATA[19-04-2024T10:27:20 - [TEST_CASE][PASSED] - Test Cases/Mobile/Verify_UnsuccesfulLogin: Test Cases/Mobile/Verify_UnsuccesfulLogin

19-04-2024T10:27:20 - [TEST_STEP][PASSED] - startApplication(apk, true): Started app at: 'C:\Users\1556\Documents\Tools\iglo_msa_v2.apk'

19-04-2024T10:27:21 - [MESSAGE][INFO] - Detected NodeJS location: "C:\Program Files\nodejs\node.exe"

19-04-2024T10:27:27 - [MESSAGE][INFO] - PATH: C:\Program Files\nodejs;

19-04-2024T10:27:27 - [MESSAGE][INFO] - APPIUM_HOME: C:\Users\1556\.appium

19-04-2024T10:27:27 - [MESSAGE][INFO] - appium outlog: C:\Users\1556\git\website_mobile_api\Reports\20240419_102711\TS_Mobile\20240419_102711\appium.log

19-04-2024T10:27:27 - [MESSAGE][INFO] - appium errlog: C:\Users\1556\git\website_mobile_api\Reports\20240419_102711\TS_Mobile\20240419_102711\appium_error.log

19-04-2024T10:27:32 - [MESSAGE][INFO] - Appium server started on port 53,084

19-04-2024T10:27:57 - [MESSAGE][PASSED] - Started app at: 'C:\Users\1556\Documents\Tools\iglo_msa_v2.apk'

19-04-2024T10:27:57 - [TEST_STEP][PASSED] - delay(3, STOP_ON_FAILURE): Delayed 3 second(s)

19-04-2024T10:28:00 - [MESSAGE][PASSED] - Delayed 3 second(s)

19-04-2024T10:28:00 - [TEST_STEP][PASSED] - takeScreenshotAsCheckpoint("", STOP_ON_FAILURE): Screenshot is taken

19-04-2024T10:28:02 - [MESSAGE][INFO] - 0 hidden object(s)

19-04-2024T10:28:03 - [MESSAGE][PASSED] - Screenshot is taken
[[ATTACHMENT|keyes\keyes-.png]]

19-04-2024T10:28:03 - [TEST_STEP][PASSED] - tap(findTestObject("MobileAndroid/txt_username"), 0): Tapped on element 'Object Repository/MobileAndroid/txt_username'

19-04-2024T10:28:03 - [MESSAGE][WARNING] - Timeout '0' is invalid. Using default page load timeout: '30'

19-04-2024T10:28:03 - [MESSAGE][PASSED] - Tapped on element 'Object Repository/MobileAndroid/txt_username'

19-04-2024T10:28:03 - [TEST_STEP][PASSED] - setText(findTestObject("MobileAndroid/txt_username"), username_mobile, 0): Text 'admin@indocyber.id' has been set to element 'Object Repository/MobileAndroid/txt_username'

19-04-2024T10:28:04 - [MESSAGE][WARNING] - Timeout '0' is invalid. Using default page load timeout: '30'

19-04-2024T10:28:05 - [MESSAGE][PASSED] - Text 'admin@indocyber.id' has been set to element 'Object Repository/MobileAndroid/txt_username'

19-04-2024T10:28:05 - [TEST_STEP][PASSED] - hideKeyboard(): Keyboard is hidden

19-04-2024T10:28:07 - [MESSAGE][PASSED] - Keyboard is hidden

19-04-2024T10:28:07 - [TEST_STEP][PASSED] - delay(3, STOP_ON_FAILURE): Delayed 3 second(s)

19-04-2024T10:28:10 - [MESSAGE][PASSED] - Delayed 3 second(s)

19-04-2024T10:28:10 - [TEST_STEP][PASSED] - tap(findTestObject("MobileAndroid/txt_password"), 0): Tapped on element 'Object Repository/MobileAndroid/txt_password'

19-04-2024T10:28:10 - [MESSAGE][WARNING] - Timeout '0' is invalid. Using default page load timeout: '30'

19-04-2024T10:28:18 - [MESSAGE][PASSED] - Tapped on element 'Object Repository/MobileAndroid/txt_password'

19-04-2024T10:28:18 - [TEST_STEP][PASSED] - setText(findTestObject("MobileAndroid/txt_password"), password_mobile, 0): Text '123' has been set to element 'Object Repository/MobileAndroid/txt_password'

19-04-2024T10:28:18 - [MESSAGE][WARNING] - Timeout '0' is invalid. Using default page load timeout: '30'

19-04-2024T10:28:18 - [MESSAGE][PASSED] - Text '123' has been set to element 'Object Repository/MobileAndroid/txt_password'

19-04-2024T10:28:18 - [TEST_STEP][PASSED] - hideKeyboard(): Keyboard is hidden

19-04-2024T10:28:20 - [MESSAGE][PASSED] - Keyboard is hidden

19-04-2024T10:28:20 - [TEST_STEP][PASSED] - delay(3, STOP_ON_FAILURE): Delayed 3 second(s)

19-04-2024T10:28:23 - [MESSAGE][PASSED] - Delayed 3 second(s)

19-04-2024T10:28:23 - [TEST_STEP][PASSED] - tap(findTestObject("MobileAndroid/btn_login"), 0): Tapped on element 'Object Repository/MobileAndroid/btn_login'

19-04-2024T10:28:23 - [MESSAGE][WARNING] - Timeout '0' is invalid. Using default page load timeout: '30'

19-04-2024T10:28:23 - [MESSAGE][PASSED] - Tapped on element 'Object Repository/MobileAndroid/btn_login'

19-04-2024T10:28:23 - [TEST_STEP][PASSED] - delay(3, STOP_ON_FAILURE): Delayed 3 second(s)

19-04-2024T10:28:26 - [MESSAGE][PASSED] - Delayed 3 second(s)

19-04-2024T10:28:26 - [TEST_STEP][PASSED] - takeScreenshotAsCheckpoint("", STOP_ON_FAILURE): Screenshot is taken

19-04-2024T10:28:27 - [MESSAGE][INFO] - 0 hidden object(s)

19-04-2024T10:28:28 - [MESSAGE][PASSED] - Screenshot is taken
[[ATTACHMENT|keyes\keyes-.png]]

19-04-2024T10:28:28 - [TEST_STEP][PASSED] - verifyElementExist(findTestObject("MobileAndroid/msg_loginFailed"), 3): Element 'Object Repository/MobileAndroid/msg_loginFailed' is exist

19-04-2024T10:28:28 - [MESSAGE][PASSED] - Element 'Object Repository/MobileAndroid/msg_loginFailed' is exist]]></system-out>
         <system-err><![CDATA[]]></system-err>
      </testcase>
      <system-out><![CDATA[19-04-2024T10:27:20 - [TEST_SUITE][PASSED] - TS_Mobile: Test Cases/Mobile/Verify_UnsuccesfulLogin]]></system-out>
      <system-err><![CDATA[]]></system-err>
   </testsuite>
</testsuites>
